<?xml version="1.0" encoding="UTF-8"?>
<beans xmlns="http://www.springframework.org/schema/beans"
  xmlns:xsi="http://www.w3.org/2001/XMLSchema-instance"
  xmlns:aop="http://www.springframework.org/schema/aop"
  xsi:schemaLocation="http://www.springframework.org/schema/beans
                      http://www.springframework.org/schema/beans/spring-beans.xsd
                      http://www.springframework.org/schema/aop
                      http://www.springframework.org/schema/aop/spring-aop-3.0.xsd">

  <bean id="dataSource" class="org.springframework.jdbc.datasource.SimpleDriverDataSource">
    <property name="driverClass" value="com.mysql.cj.jdbc.Driver"/>
    <property name="url" value="jdbc:mysql://localhost/testdb?serverTimezone=UTC"/>
    <property name="username" value="spring"/>
    <property name="password" value="book"/>
  </bean>

  <bean id="userDao" class="springbook.user.dao.UserDaoJdbc">
    <property name="dataSource" ref="dataSource"/>
  </bean>


  <bean id="userService" class="springbook.user.service.UserServiceImpl">
    <property name="userDao" ref="userDao"/>
  </bean>

  <bean id="testUserService" class="springbook.user.service.UserServiceTest$TestUserService"
    parent="userService"/>

  <bean id="transactionManager"
    class="org.springframework.jdbc.datasource.DataSourceTransactionManager">
    <property name="dataSource" ref="dataSource"/>
  </bean>

  <bean id="transactionAdvice" class="springbook.user.service.TransactionAdvice">
    <property name="transactionManager" ref="transactionManager"/>
  </bean>

  <bean class="org.springframework.aop.framework.autoproxy.DefaultAdvisorAutoProxyCreator"/>

  <aop:config>
    <aop:pointcut id="transactionPointcut" expression="execution(* *..UserService.upgrade*(..))"/>
    <aop:advisor advice-ref="transactionAdvice" pointcut-ref="transactionPointcut"/>
  </aop:config>
</beans>